This file contains any messages produced by compilers while
running configure, to aid debugging if configure makes a mistake.

It was created by Robo Soccer configure 1.0, which was
generated by GNU Autoconf 2.69.  Invocation command line was

  $ ./configure --no-create --no-recursion

## --------- ##
## Platform. ##
## --------- ##

hostname = kestrel
uname -m = x86_64
uname -r = 3.13.0-48-generic
uname -s = Linux
uname -v = #80-Ubuntu SMP Thu Mar 12 11:16:15 UTC 2015

/usr/bin/uname -p = unknown
/bin/uname -X     = unknown

/bin/arch              = unknown
/usr/bin/arch -k       = unknown
/usr/convex/getsysinfo = unknown
/usr/bin/hostinfo      = unknown
/bin/machine           = unknown
/usr/bin/oslevel       = unknown
/bin/universe          = unknown

PATH: /usr/local/sbin
PATH: /usr/local/bin
PATH: /usr/sbin
PATH: /usr/bin
PATH: /sbin
PATH: /bin
PATH: /usr/games
PATH: /usr/local/games


## ----------- ##
## Core tests. ##
## ----------- ##

configure:2306: checking for a BSD-compatible install
configure:2374: result: /usr/bin/install -c
configure:2385: checking whether build environment is sane
configure:2435: result: yes
configure:2576: checking for a thread-safe mkdir -p
configure:2615: result: /bin/mkdir -p
configure:2628: checking for gawk
configure:2644: found /usr/bin/gawk
configure:2655: result: gawk
configure:2666: checking whether make sets $(MAKE)
configure:2688: result: yes
configure:2823: checking for gcc
configure:2839: found /usr/bin/gcc
configure:2850: result: gcc
configure:3079: checking for C compiler version
configure:3088: gcc --version >&5
gcc (Ubuntu 4.8.4-2ubuntu1~14.04) 4.8.4
Copyright (C) 2013 Free Software Foundation, Inc.
This is free software; see the source for copying conditions.  There is NO
warranty; not even for MERCHANTABILITY or FITNESS FOR A PARTICULAR PURPOSE.

configure:3099: $? = 0
configure:3088: gcc -v >&5
Using built-in specs.
COLLECT_GCC=gcc
COLLECT_LTO_WRAPPER=/usr/lib/gcc/x86_64-linux-gnu/4.8/lto-wrapper
Target: x86_64-linux-gnu
Configured with: ../src/configure -v --with-pkgversion='Ubuntu 4.8.4-2ubuntu1~14.04' --with-bugurl=file:///usr/share/doc/gcc-4.8/README.Bugs --enable-languages=c,c++,java,go,d,fortran,objc,obj-c++ --prefix=/usr --program-suffix=-4.8 --enable-shared --enable-linker-build-id --libexecdir=/usr/lib --without-included-gettext --enable-threads=posix --with-gxx-include-dir=/usr/include/c++/4.8 --libdir=/usr/lib --enable-nls --with-sysroot=/ --enable-clocale=gnu --enable-libstdcxx-debug --enable-libstdcxx-time=yes --enable-gnu-unique-object --disable-libmudflap --enable-plugin --with-system-zlib --disable-browser-plugin --enable-java-awt=gtk --enable-gtk-cairo --with-java-home=/usr/lib/jvm/java-1.5.0-gcj-4.8-amd64/jre --enable-java-home --with-jvm-root-dir=/usr/lib/jvm/java-1.5.0-gcj-4.8-amd64 --with-jvm-jar-dir=/usr/lib/jvm-exports/java-1.5.0-gcj-4.8-amd64 --with-arch-directory=amd64 --with-ecj-jar=/usr/share/java/eclipse-ecj.jar --enable-objc-gc --enable-multiarch --disable-werror --with-arch-32=i686 --with-abi=m64 --with-multilib-list=m32,m64,mx32 --with-tune=generic --enable-checking=release --build=x86_64-linux-gnu --host=x86_64-linux-gnu --target=x86_64-linux-gnu
Thread model: posix
gcc version 4.8.4 (Ubuntu 4.8.4-2ubuntu1~14.04) 
configure:3099: $? = 0
configure:3088: gcc -V >&5
gcc: error: unrecognized command line option '-V'
gcc: fatal error: no input files
compilation terminated.
configure:3099: $? = 4
configure:3088: gcc -qversion >&5
gcc: error: unrecognized command line option '-qversion'
gcc: fatal error: no input files
compilation terminated.
configure:3099: $? = 4
configure:3119: checking whether the C compiler works
configure:3141: gcc    conftest.c  >&5
configure:3145: $? = 0
configure:3193: result: yes
configure:3196: checking for C compiler default output file name
configure:3198: result: a.out
configure:3204: checking for suffix of executables
configure:3211: gcc -o conftest    conftest.c  >&5
configure:3215: $? = 0
configure:3237: result: 
configure:3259: checking whether we are cross compiling
configure:3267: gcc -o conftest    conftest.c  >&5
configure:3271: $? = 0
configure:3278: ./conftest
configure:3282: $? = 0
configure:3297: result: no
configure:3302: checking for suffix of object files
configure:3324: gcc -c   conftest.c >&5
configure:3328: $? = 0
configure:3349: result: o
configure:3353: checking whether we are using the GNU C compiler
configure:3372: gcc -c   conftest.c >&5
configure:3372: $? = 0
configure:3381: result: yes
configure:3390: checking whether gcc accepts -g
configure:3410: gcc -c -g  conftest.c >&5
configure:3410: $? = 0
configure:3451: result: yes
configure:3470: checking for gcc option to accept ISO C89
configure:3533: gcc  -c -g -O4  conftest.c >&5
configure:3533: $? = 0
configure:3546: result: none needed
configure:3577: checking for style of include used by make
configure:3605: result: GNU
configure:3631: checking dependency style of gcc
configure:3742: result: gcc3
configure:3762: checking for gawk
configure:3789: result: gawk
configure:3801: checking whether ln -s works
configure:3805: result: yes
configure:3815: checking for glEnable in -lGL
configure:3840: gcc -o conftest -g -O4   conftest.c -lGL   >&5
configure:3840: $? = 0
configure:3849: result: yes
configure:3860: checking for gluBeginTrim in -lGLU
configure:3885: gcc -o conftest -g -O4   conftest.c -lGLU  -lGL  >&5
configure:3885: $? = 0
configure:3894: result: yes
configure:3905: checking for SDL_Init in -lSDL
configure:3930: gcc -o conftest -g -O4   conftest.c -lSDL  -lGLU -lGL  >&5
configure:3930: $? = 0
configure:3939: result: yes
configure:3950: checking for glutInit in -lglut
configure:3975: gcc -o conftest -g -O4   conftest.c -lglut  -lSDL -lGLU -lGL  >&5
configure:3975: $? = 0
configure:3984: result: yes
configure:3995: checking for jpeg_CreateCompress in -ljpeg
configure:4020: gcc -o conftest -g -O4   conftest.c -ljpeg  -lglut -lSDL -lGLU -lGL  >&5
configure:4020: $? = 0
configure:4029: result: yes
configure:4040: checking for baswap in -lbluetooth
configure:4065: gcc -o conftest -g -O4   conftest.c -lbluetooth  -ljpeg -lglut -lSDL -lGLU -lGL  >&5
configure:4065: $? = 0
configure:4074: result: yes
configure:4085: checking for sqrt in -lm
configure:4110: gcc -o conftest -g -O4   conftest.c -lm  -lbluetooth -ljpeg -lglut -lSDL -lGLU -lGL  >&5
conftest.c:24:6: warning: conflicting types for built-in function 'sqrt' [enabled by default]
 char sqrt ();
      ^
configure:4110: $? = 0
configure:4119: result: yes
configure:4130: checking for pthread_create in -lpthread
configure:4155: gcc -o conftest -g -O4   conftest.c -lpthread  -lm -lbluetooth -ljpeg -lglut -lSDL -lGLU -lGL  >&5
configure:4155: $? = 0
configure:4164: result: yes
configure:4182: checking how to run the C preprocessor
configure:4213: gcc -E  conftest.c
configure:4213: $? = 0
configure:4227: gcc -E  conftest.c
conftest.c:19:28: fatal error: ac_nonexistent.h: No such file or directory
 #include <ac_nonexistent.h>
                            ^
compilation terminated.
configure:4227: $? = 1
configure: failed program was:
| /* confdefs.h */
| #define PACKAGE_NAME "Robo Soccer"
| #define PACKAGE_TARNAME "robo-soccer"
| #define PACKAGE_VERSION "1.0"
| #define PACKAGE_STRING "Robo Soccer 1.0"
| #define PACKAGE_BUGREPORT "wisalam@live.com"
| #define PACKAGE_URL ""
| #define PACKAGE "robo-soccer"
| #define VERSION "1.0"
| #define HAVE_LIBGL 1
| #define HAVE_LIBGLU 1
| #define HAVE_LIBSDL 1
| #define HAVE_LIBGLUT 1
| #define HAVE_LIBJPEG 1
| #define HAVE_LIBBLUETOOTH 1
| #define HAVE_LIBM 1
| #define HAVE_LIBPTHREAD 1
| /* end confdefs.h.  */
| #include <ac_nonexistent.h>
configure:4252: result: gcc -E
configure:4272: gcc -E  conftest.c
configure:4272: $? = 0
configure:4286: gcc -E  conftest.c
conftest.c:19:28: fatal error: ac_nonexistent.h: No such file or directory
 #include <ac_nonexistent.h>
                            ^
compilation terminated.
configure:4286: $? = 1
configure: failed program was:
| /* confdefs.h */
| #define PACKAGE_NAME "Robo Soccer"
| #define PACKAGE_TARNAME "robo-soccer"
| #define PACKAGE_VERSION "1.0"
| #define PACKAGE_STRING "Robo Soccer 1.0"
| #define PACKAGE_BUGREPORT "wisalam@live.com"
| #define PACKAGE_URL ""
| #define PACKAGE "robo-soccer"
| #define VERSION "1.0"
| #define HAVE_LIBGL 1
| #define HAVE_LIBGLU 1
| #define HAVE_LIBSDL 1
| #define HAVE_LIBGLUT 1
| #define HAVE_LIBJPEG 1
| #define HAVE_LIBBLUETOOTH 1
| #define HAVE_LIBM 1
| #define HAVE_LIBPTHREAD 1
| /* end confdefs.h.  */
| #include <ac_nonexistent.h>
configure:4315: checking for X
configure:4423: gcc -E  conftest.c
configure:4423: $? = 0
configure:4454: gcc -o conftest -g -O4   conftest.c -lX11 -lpthread -lm -lbluetooth -ljpeg -lglut -lSDL -lGLU -lGL  >&5
configure:4454: $? = 0
configure:4504: result: libraries , headers 
configure:4508: checking for grep that handles long lines and -e
configure:4566: result: /bin/grep
configure:4571: checking for egrep
configure:4633: result: /bin/grep -E
configure:4638: checking for ANSI C header files
configure:4658: gcc -c -g -O4  conftest.c >&5
configure:4658: $? = 0
configure:4731: gcc -o conftest -g -O4   conftest.c -lpthread -lm -lbluetooth -ljpeg -lglut -lSDL -lGLU -lGL  >&5
configure:4731: $? = 0
configure:4731: ./conftest
configure:4731: $? = 0
configure:4742: result: yes
configure:4755: checking for sys/types.h
configure:4755: gcc -c -g -O4  conftest.c >&5
configure:4755: $? = 0
configure:4755: result: yes
configure:4755: checking for sys/stat.h
configure:4755: gcc -c -g -O4  conftest.c >&5
configure:4755: $? = 0
configure:4755: result: yes
configure:4755: checking for stdlib.h
configure:4755: gcc -c -g -O4  conftest.c >&5
configure:4755: $? = 0
configure:4755: result: yes
configure:4755: checking for string.h
configure:4755: gcc -c -g -O4  conftest.c >&5
configure:4755: $? = 0
configure:4755: result: yes
configure:4755: checking for memory.h
configure:4755: gcc -c -g -O4  conftest.c >&5
configure:4755: $? = 0
configure:4755: result: yes
configure:4755: checking for strings.h
configure:4755: gcc -c -g -O4  conftest.c >&5
configure:4755: $? = 0
configure:4755: result: yes
configure:4755: checking for inttypes.h
configure:4755: gcc -c -g -O4  conftest.c >&5
configure:4755: $? = 0
configure:4755: result: yes
configure:4755: checking for stdint.h
configure:4755: gcc -c -g -O4  conftest.c >&5
configure:4755: $? = 0
configure:4755: result: yes
configure:4755: checking for unistd.h
configure:4755: gcc -c -g -O4  conftest.c >&5
configure:4755: $? = 0
configure:4755: result: yes
configure:4770: checking fcntl.h usability
configure:4770: gcc -c -g -O4  conftest.c >&5
configure:4770: $? = 0
configure:4770: result: yes
configure:4770: checking fcntl.h presence
configure:4770: gcc -E  conftest.c
configure:4770: $? = 0
configure:4770: result: yes
configure:4770: checking for fcntl.h
configure:4770: result: yes
configure:4770: checking for inttypes.h
configure:4770: result: yes
configure:4770: checking limits.h usability
configure:4770: gcc -c -g -O4  conftest.c >&5
configure:4770: $? = 0
configure:4770: result: yes
configure:4770: checking limits.h presence
configure:4770: gcc -E  conftest.c
configure:4770: $? = 0
configure:4770: result: yes
configure:4770: checking for limits.h
configure:4770: result: yes
configure:4770: checking malloc.h usability
configure:4770: gcc -c -g -O4  conftest.c >&5
configure:4770: $? = 0
configure:4770: result: yes
configure:4770: checking malloc.h presence
configure:4770: gcc -E  conftest.c
configure:4770: $? = 0
configure:4770: result: yes
configure:4770: checking for malloc.h
configure:4770: result: yes
configure:4770: checking for stdint.h
configure:4770: result: yes
configure:4770: checking for stdlib.h
configure:4770: result: yes
configure:4770: checking for string.h
configure:4770: result: yes
configure:4770: checking sys/file.h usability
configure:4770: gcc -c -g -O4  conftest.c >&5
configure:4770: $? = 0
configure:4770: result: yes
configure:4770: checking sys/file.h presence
configure:4770: gcc -E  conftest.c
configure:4770: $? = 0
configure:4770: result: yes
configure:4770: checking for sys/file.h
configure:4770: result: yes
configure:4770: checking sys/ioctl.h usability
configure:4770: gcc -c -g -O4  conftest.c >&5
configure:4770: $? = 0
configure:4770: result: yes
configure:4770: checking sys/ioctl.h presence
configure:4770: gcc -E  conftest.c
configure:4770: $? = 0
configure:4770: result: yes
configure:4770: checking for sys/ioctl.h
configure:4770: result: yes
configure:4770: checking sys/param.h usability
configure:4770: gcc -c -g -O4  conftest.c >&5
configure:4770: $? = 0
configure:4770: result: yes
configure:4770: checking sys/param.h presence
configure:4770: gcc -E  conftest.c
configure:4770: $? = 0
configure:4770: result: yes
configure:4770: checking for sys/param.h
configure:4770: result: yes
configure:4770: checking sys/socket.h usability
configure:4770: gcc -c -g -O4  conftest.c >&5
configure:4770: $? = 0
configure:4770: result: yes
configure:4770: checking sys/socket.h presence
configure:4770: gcc -E  conftest.c
configure:4770: $? = 0
configure:4770: result: yes
configure:4770: checking for sys/socket.h
configure:4770: result: yes
configure:4770: checking sys/time.h usability
configure:4770: gcc -c -g -O4  conftest.c >&5
configure:4770: $? = 0
configure:4770: result: yes
configure:4770: checking sys/time.h presence
configure:4770: gcc -E  conftest.c
configure:4770: $? = 0
configure:4770: result: yes
configure:4770: checking for sys/time.h
configure:4770: result: yes
configure:4770: checking for unistd.h
configure:4770: result: yes
configure:4782: checking for inline
configure:4798: gcc -c -g -O4  conftest.c >&5
configure:4798: $? = 0
configure:4806: result: inline
configure:4824: checking for off_t
configure:4824: gcc -c -g -O4  conftest.c >&5
configure:4824: $? = 0
configure:4824: gcc -c -g -O4  conftest.c >&5
conftest.c: In function 'main':
conftest.c:78:20: error: expected expression before ')' token
 if (sizeof ((off_t)))
                    ^
configure:4824: $? = 1
configure: failed program was:
| /* confdefs.h */
| #define PACKAGE_NAME "Robo Soccer"
| #define PACKAGE_TARNAME "robo-soccer"
| #define PACKAGE_VERSION "1.0"
| #define PACKAGE_STRING "Robo Soccer 1.0"
| #define PACKAGE_BUGREPORT "wisalam@live.com"
| #define PACKAGE_URL ""
| #define PACKAGE "robo-soccer"
| #define VERSION "1.0"
| #define HAVE_LIBGL 1
| #define HAVE_LIBGLU 1
| #define HAVE_LIBSDL 1
| #define HAVE_LIBGLUT 1
| #define HAVE_LIBJPEG 1
| #define HAVE_LIBBLUETOOTH 1
| #define HAVE_LIBM 1
| #define HAVE_LIBPTHREAD 1
| #define STDC_HEADERS 1
| #define HAVE_SYS_TYPES_H 1
| #define HAVE_SYS_STAT_H 1
| #define HAVE_STDLIB_H 1
| #define HAVE_STRING_H 1
| #define HAVE_MEMORY_H 1
| #define HAVE_STRINGS_H 1
| #define HAVE_INTTYPES_H 1
| #define HAVE_STDINT_H 1
| #define HAVE_UNISTD_H 1
| #define HAVE_FCNTL_H 1
| #define HAVE_INTTYPES_H 1
| #define HAVE_LIMITS_H 1
| #define HAVE_MALLOC_H 1
| #define HAVE_STDINT_H 1
| #define HAVE_STDLIB_H 1
| #define HAVE_STRING_H 1
| #define HAVE_SYS_FILE_H 1
| #define HAVE_SYS_IOCTL_H 1
| #define HAVE_SYS_PARAM_H 1
| #define HAVE_SYS_SOCKET_H 1
| #define HAVE_SYS_TIME_H 1
| #define HAVE_UNISTD_H 1
| /* end confdefs.h.  */
| #include <stdio.h>
| #ifdef HAVE_SYS_TYPES_H
| # include <sys/types.h>
| #endif
| #ifdef HAVE_SYS_STAT_H
| # include <sys/stat.h>
| #endif
| #ifdef STDC_HEADERS
| # include <stdlib.h>
| # include <stddef.h>
| #else
| # ifdef HAVE_STDLIB_H
| #  include <stdlib.h>
| # endif
| #endif
| #ifdef HAVE_STRING_H
| # if !defined STDC_HEADERS && defined HAVE_MEMORY_H
| #  include <memory.h>
| # endif
| # include <string.h>
| #endif
| #ifdef HAVE_STRINGS_H
| # include <strings.h>
| #endif
| #ifdef HAVE_INTTYPES_H
| # include <inttypes.h>
| #endif
| #ifdef HAVE_STDINT_H
| # include <stdint.h>
| #endif
| #ifdef HAVE_UNISTD_H
| # include <unistd.h>
| #endif
| int
| main ()
| {
| if (sizeof ((off_t)))
| 	    return 0;
|   ;
|   return 0;
| }
configure:4824: result: yes
configure:4835: checking for size_t
configure:4835: gcc -c -g -O4  conftest.c >&5
configure:4835: $? = 0
configure:4835: gcc -c -g -O4  conftest.c >&5
conftest.c: In function 'main':
conftest.c:78:21: error: expected expression before ')' token
 if (sizeof ((size_t)))
                     ^
configure:4835: $? = 1
configure: failed program was:
| /* confdefs.h */
| #define PACKAGE_NAME "Robo Soccer"
| #define PACKAGE_TARNAME "robo-soccer"
| #define PACKAGE_VERSION "1.0"
| #define PACKAGE_STRING "Robo Soccer 1.0"
| #define PACKAGE_BUGREPORT "wisalam@live.com"
| #define PACKAGE_URL ""
| #define PACKAGE "robo-soccer"
| #define VERSION "1.0"
| #define HAVE_LIBGL 1
| #define HAVE_LIBGLU 1
| #define HAVE_LIBSDL 1
| #define HAVE_LIBGLUT 1
| #define HAVE_LIBJPEG 1
| #define HAVE_LIBBLUETOOTH 1
| #define HAVE_LIBM 1
| #define HAVE_LIBPTHREAD 1
| #define STDC_HEADERS 1
| #define HAVE_SYS_TYPES_H 1
| #define HAVE_SYS_STAT_H 1
| #define HAVE_STDLIB_H 1
| #define HAVE_STRING_H 1
| #define HAVE_MEMORY_H 1
| #define HAVE_STRINGS_H 1
| #define HAVE_INTTYPES_H 1
| #define HAVE_STDINT_H 1
| #define HAVE_UNISTD_H 1
| #define HAVE_FCNTL_H 1
| #define HAVE_INTTYPES_H 1
| #define HAVE_LIMITS_H 1
| #define HAVE_MALLOC_H 1
| #define HAVE_STDINT_H 1
| #define HAVE_STDLIB_H 1
| #define HAVE_STRING_H 1
| #define HAVE_SYS_FILE_H 1
| #define HAVE_SYS_IOCTL_H 1
| #define HAVE_SYS_PARAM_H 1
| #define HAVE_SYS_SOCKET_H 1
| #define HAVE_SYS_TIME_H 1
| #define HAVE_UNISTD_H 1
| /* end confdefs.h.  */
| #include <stdio.h>
| #ifdef HAVE_SYS_TYPES_H
| # include <sys/types.h>
| #endif
| #ifdef HAVE_SYS_STAT_H
| # include <sys/stat.h>
| #endif
| #ifdef STDC_HEADERS
| # include <stdlib.h>
| # include <stddef.h>
| #else
| # ifdef HAVE_STDLIB_H
| #  include <stdlib.h>
| # endif
| #endif
| #ifdef HAVE_STRING_H
| # if !defined STDC_HEADERS && defined HAVE_MEMORY_H
| #  include <memory.h>
| # endif
| # include <string.h>
| #endif
| #ifdef HAVE_STRINGS_H
| # include <strings.h>
| #endif
| #ifdef HAVE_INTTYPES_H
| # include <inttypes.h>
| #endif
| #ifdef HAVE_STDINT_H
| # include <stdint.h>
| #endif
| #ifdef HAVE_UNISTD_H
| # include <unistd.h>
| #endif
| int
| main ()
| {
| if (sizeof ((size_t)))
| 	    return 0;
|   ;
|   return 0;
| }
configure:4835: result: yes
configure:4846: checking for ssize_t
configure:4846: gcc -c -g -O4  conftest.c >&5
configure:4846: $? = 0
configure:4846: gcc -c -g -O4  conftest.c >&5
conftest.c: In function 'main':
conftest.c:78:22: error: expected expression before ')' token
 if (sizeof ((ssize_t)))
                      ^
configure:4846: $? = 1
configure: failed program was:
| /* confdefs.h */
| #define PACKAGE_NAME "Robo Soccer"
| #define PACKAGE_TARNAME "robo-soccer"
| #define PACKAGE_VERSION "1.0"
| #define PACKAGE_STRING "Robo Soccer 1.0"
| #define PACKAGE_BUGREPORT "wisalam@live.com"
| #define PACKAGE_URL ""
| #define PACKAGE "robo-soccer"
| #define VERSION "1.0"
| #define HAVE_LIBGL 1
| #define HAVE_LIBGLU 1
| #define HAVE_LIBSDL 1
| #define HAVE_LIBGLUT 1
| #define HAVE_LIBJPEG 1
| #define HAVE_LIBBLUETOOTH 1
| #define HAVE_LIBM 1
| #define HAVE_LIBPTHREAD 1
| #define STDC_HEADERS 1
| #define HAVE_SYS_TYPES_H 1
| #define HAVE_SYS_STAT_H 1
| #define HAVE_STDLIB_H 1
| #define HAVE_STRING_H 1
| #define HAVE_MEMORY_H 1
| #define HAVE_STRINGS_H 1
| #define HAVE_INTTYPES_H 1
| #define HAVE_STDINT_H 1
| #define HAVE_UNISTD_H 1
| #define HAVE_FCNTL_H 1
| #define HAVE_INTTYPES_H 1
| #define HAVE_LIMITS_H 1
| #define HAVE_MALLOC_H 1
| #define HAVE_STDINT_H 1
| #define HAVE_STDLIB_H 1
| #define HAVE_STRING_H 1
| #define HAVE_SYS_FILE_H 1
| #define HAVE_SYS_IOCTL_H 1
| #define HAVE_SYS_PARAM_H 1
| #define HAVE_SYS_SOCKET_H 1
| #define HAVE_SYS_TIME_H 1
| #define HAVE_UNISTD_H 1
| /* end confdefs.h.  */
| #include <stdio.h>
| #ifdef HAVE_SYS_TYPES_H
| # include <sys/types.h>
| #endif
| #ifdef HAVE_SYS_STAT_H
| # include <sys/stat.h>
| #endif
| #ifdef STDC_HEADERS
| # include <stdlib.h>
| # include <stddef.h>
| #else
| # ifdef HAVE_STDLIB_H
| #  include <stdlib.h>
| # endif
| #endif
| #ifdef HAVE_STRING_H
| # if !defined STDC_HEADERS && defined HAVE_MEMORY_H
| #  include <memory.h>
| # endif
| # include <string.h>
| #endif
| #ifdef HAVE_STRINGS_H
| # include <strings.h>
| #endif
| #ifdef HAVE_INTTYPES_H
| # include <inttypes.h>
| #endif
| #ifdef HAVE_STDINT_H
| # include <stdint.h>
| #endif
| #ifdef HAVE_UNISTD_H
| # include <unistd.h>
| #endif
| int
| main ()
| {
| if (sizeof ((ssize_t)))
| 	    return 0;
|   ;
|   return 0;
| }
configure:4846: result: yes
configure:4857: checking for uint16_t
configure:4857: gcc -c -g -O4  conftest.c >&5
configure:4857: $? = 0
configure:4857: result: yes
configure:4869: checking for uint32_t
configure:4869: gcc -c -g -O4  conftest.c >&5
configure:4869: $? = 0
configure:4869: result: yes
configure:4883: checking for uint64_t
configure:4883: gcc -c -g -O4  conftest.c >&5
configure:4883: $? = 0
configure:4883: result: yes
configure:4897: checking for uint8_t
configure:4897: gcc -c -g -O4  conftest.c >&5
configure:4897: $? = 0
configure:4897: result: yes
configure:4915: checking for stdlib.h
configure:4915: result: yes
configure:4925: checking for GNU libc compatible malloc
configure:4949: gcc -o conftest -g -O4   conftest.c -lpthread -lm -lbluetooth -ljpeg -lglut -lSDL -lGLU -lGL  >&5
configure:4949: $? = 0
configure:4949: ./conftest
configure:4949: $? = 0
configure:4959: result: yes
configure:4986: checking for stdlib.h
configure:4986: result: yes
configure:4986: checking for unistd.h
configure:4986: result: yes
configure:4986: checking for sys/param.h
configure:4986: result: yes
configure:5006: checking for getpagesize
configure:5006: gcc -o conftest -g -O4   conftest.c -lpthread -lm -lbluetooth -ljpeg -lglut -lSDL -lGLU -lGL  >&5
configure:5006: $? = 0
configure:5006: result: yes
configure:5015: checking for working mmap
configure:5162: gcc -o conftest -g -O4   conftest.c -lpthread -lm -lbluetooth -ljpeg -lglut -lSDL -lGLU -lGL  >&5
configure:5162: $? = 0
configure:5162: ./conftest
configure:5162: $? = 0
configure:5172: result: yes
configure:5183: checking for stdlib.h
configure:5183: result: yes
configure:5193: checking for GNU libc compatible realloc
configure:5217: gcc -o conftest -g -O4   conftest.c -lpthread -lm -lbluetooth -ljpeg -lglut -lSDL -lGLU -lGL  >&5
configure:5217: $? = 0
configure:5217: ./conftest
configure:5217: $? = 0
configure:5227: result: yes
configure:5251: checking for floor
configure:5251: gcc -o conftest -g -O4   conftest.c -lpthread -lm -lbluetooth -ljpeg -lglut -lSDL -lGLU -lGL  >&5
conftest.c:74:6: warning: conflicting types for built-in function 'floor' [enabled by default]
 char floor ();
      ^
configure:5251: $? = 0
configure:5251: result: yes
configure:5251: checking for ftruncate
configure:5251: gcc -o conftest -g -O4   conftest.c -lpthread -lm -lbluetooth -ljpeg -lglut -lSDL -lGLU -lGL  >&5
configure:5251: $? = 0
configure:5251: result: yes
configure:5251: checking for memset
configure:5251: gcc -o conftest -g -O4   conftest.c -lpthread -lm -lbluetooth -ljpeg -lglut -lSDL -lGLU -lGL  >&5
conftest.c:76:6: warning: conflicting types for built-in function 'memset' [enabled by default]
 char memset ();
      ^
configure:5251: $? = 0
configure:5251: result: yes
configure:5251: checking for pow
configure:5251: gcc -o conftest -g -O4   conftest.c -lpthread -lm -lbluetooth -ljpeg -lglut -lSDL -lGLU -lGL  >&5
conftest.c:77:6: warning: conflicting types for built-in function 'pow' [enabled by default]
 char pow ();
      ^
configure:5251: $? = 0
configure:5251: result: yes
configure:5251: checking for select
configure:5251: gcc -o conftest -g -O4   conftest.c -lpthread -lm -lbluetooth -ljpeg -lglut -lSDL -lGLU -lGL  >&5
configure:5251: $? = 0
configure:5251: result: yes
configure:5251: checking for socket
configure:5251: gcc -o conftest -g -O4   conftest.c -lpthread -lm -lbluetooth -ljpeg -lglut -lSDL -lGLU -lGL  >&5
configure:5251: $? = 0
configure:5251: result: yes
configure:5251: checking for sqrt
configure:5251: gcc -o conftest -g -O4   conftest.c -lpthread -lm -lbluetooth -ljpeg -lglut -lSDL -lGLU -lGL  >&5
conftest.c:80:6: warning: conflicting types for built-in function 'sqrt' [enabled by default]
 char sqrt ();
      ^
configure:5251: $? = 0
configure:5251: result: yes
configure:5251: checking for strdup
configure:5251: gcc -o conftest -g -O4   conftest.c -lpthread -lm -lbluetooth -ljpeg -lglut -lSDL -lGLU -lGL  >&5
conftest.c:81:6: warning: conflicting types for built-in function 'strdup' [enabled by default]
 char strdup ();
      ^
configure:5251: $? = 0
configure:5251: result: yes
configure:5251: checking for strerror
configure:5251: gcc -o conftest -g -O4   conftest.c -lpthread -lm -lbluetooth -ljpeg -lglut -lSDL -lGLU -lGL  >&5
configure:5251: $? = 0
configure:5251: result: yes
configure:5251: checking for strncasecmp
configure:5251: gcc -o conftest -g -O4   conftest.c -lpthread -lm -lbluetooth -ljpeg -lglut -lSDL -lGLU -lGL  >&5
conftest.c:83:6: warning: conflicting types for built-in function 'strncasecmp' [enabled by default]
 char strncasecmp ();
      ^
configure:5251: $? = 0
configure:5251: result: yes
configure:5304: checking for ranlib
configure:5320: found /usr/bin/ranlib
configure:5331: result: ranlib
configure:5486: creating ./config.status

## ---------------- ##
## Cache variables. ##
## ---------------- ##

ac_cv_c_compiler_gnu=yes
ac_cv_c_inline=inline
ac_cv_c_uint16_t=yes
ac_cv_c_uint32_t=yes
ac_cv_c_uint64_t=yes
ac_cv_c_uint8_t=yes
ac_cv_env_CC_set=
ac_cv_env_CC_value=
ac_cv_env_CFLAGS_set=
ac_cv_env_CFLAGS_value=
ac_cv_env_CPPFLAGS_set=
ac_cv_env_CPPFLAGS_value=
ac_cv_env_CPP_set=
ac_cv_env_CPP_value=
ac_cv_env_LDFLAGS_set=
ac_cv_env_LDFLAGS_value=
ac_cv_env_LIBS_set=
ac_cv_env_LIBS_value=
ac_cv_env_XMKMF_set=
ac_cv_env_XMKMF_value=
ac_cv_env_build_alias_set=
ac_cv_env_build_alias_value=
ac_cv_env_host_alias_set=
ac_cv_env_host_alias_value=
ac_cv_env_target_alias_set=
ac_cv_env_target_alias_value=
ac_cv_func_floor=yes
ac_cv_func_ftruncate=yes
ac_cv_func_getpagesize=yes
ac_cv_func_malloc_0_nonnull=yes
ac_cv_func_memset=yes
ac_cv_func_mmap_fixed_mapped=yes
ac_cv_func_pow=yes
ac_cv_func_realloc_0_nonnull=yes
ac_cv_func_select=yes
ac_cv_func_socket=yes
ac_cv_func_sqrt=yes
ac_cv_func_strdup=yes
ac_cv_func_strerror=yes
ac_cv_func_strncasecmp=yes
ac_cv_have_x='have_x=yes	ac_x_includes='\'''\''	ac_x_libraries='\'''\'''
ac_cv_header_fcntl_h=yes
ac_cv_header_inttypes_h=yes
ac_cv_header_limits_h=yes
ac_cv_header_malloc_h=yes
ac_cv_header_memory_h=yes
ac_cv_header_stdc=yes
ac_cv_header_stdint_h=yes
ac_cv_header_stdlib_h=yes
ac_cv_header_string_h=yes
ac_cv_header_strings_h=yes
ac_cv_header_sys_file_h=yes
ac_cv_header_sys_ioctl_h=yes
ac_cv_header_sys_param_h=yes
ac_cv_header_sys_socket_h=yes
ac_cv_header_sys_stat_h=yes
ac_cv_header_sys_time_h=yes
ac_cv_header_sys_types_h=yes
ac_cv_header_unistd_h=yes
ac_cv_lib_GLU_gluBeginTrim=yes
ac_cv_lib_GL_glEnable=yes
ac_cv_lib_SDL_SDL_Init=yes
ac_cv_lib_bluetooth_baswap=yes
ac_cv_lib_glut_glutInit=yes
ac_cv_lib_jpeg_jpeg_CreateCompress=yes
ac_cv_lib_m_sqrt=yes
ac_cv_lib_pthread_pthread_create=yes
ac_cv_objext=o
ac_cv_path_EGREP='/bin/grep -E'
ac_cv_path_GREP=/bin/grep
ac_cv_path_install='/usr/bin/install -c'
ac_cv_path_mkdir=/bin/mkdir
ac_cv_prog_AWK=gawk
ac_cv_prog_CPP='gcc -E'
ac_cv_prog_ac_ct_CC=gcc
ac_cv_prog_ac_ct_RANLIB=ranlib
ac_cv_prog_cc_c89=
ac_cv_prog_cc_g=yes
ac_cv_prog_make_make_set=yes
ac_cv_type_off_t=yes
ac_cv_type_size_t=yes
ac_cv_type_ssize_t=yes
am_cv_CC_dependencies_compiler_type=gcc3

## ----------------- ##
## Output variables. ##
## ----------------- ##

ACLOCAL='${SHELL} /home/strider/Desktop/RS/utsc-robo-soccer/missing --run aclocal-1.11'
AMDEPBACKSLASH='\'
AMDEP_FALSE='#'
AMDEP_TRUE=''
AMTAR='$${TAR-tar}'
AUTOCONF='${SHELL} /home/strider/Desktop/RS/utsc-robo-soccer/missing --run autoconf'
AUTOHEADER='${SHELL} /home/strider/Desktop/RS/utsc-robo-soccer/missing --run autoheader'
AUTOMAKE='${SHELL} /home/strider/Desktop/RS/utsc-robo-soccer/missing --run automake-1.11'
AWK='gawk'
CC='gcc'
CCDEPMODE='depmode=gcc3'
CFLAGS='-g -O4'
CPP='gcc -E'
CPPFLAGS=''
CYGPATH_W='echo'
DEFS='-DHAVE_CONFIG_H'
DEPDIR='.deps'
ECHO_C=''
ECHO_N='-n'
ECHO_T=''
EGREP='/bin/grep -E'
EXEEXT=''
GREP='/bin/grep'
INSTALL_DATA='${INSTALL} -m 644'
INSTALL_PROGRAM='${INSTALL}'
INSTALL_SCRIPT='${INSTALL}'
INSTALL_STRIP_PROGRAM='$(install_sh) -c -s'
LDFLAGS=''
LIBOBJS=''
LIBS='-lpthread -lm -lbluetooth -ljpeg -lglut -lSDL -lGLU -lGL '
LN_S='ln -s'
LTLIBOBJS=''
MAKEINFO='${SHELL} /home/strider/Desktop/RS/utsc-robo-soccer/missing --run makeinfo'
MKDIR_P='/bin/mkdir -p'
OBJEXT='o'
PACKAGE='robo-soccer'
PACKAGE_BUGREPORT='wisalam@live.com'
PACKAGE_NAME='Robo Soccer'
PACKAGE_STRING='Robo Soccer 1.0'
PACKAGE_TARNAME='robo-soccer'
PACKAGE_URL=''
PACKAGE_VERSION='1.0'
PATH_SEPARATOR=':'
RANLIB='ranlib'
SET_MAKE=''
SHELL='/bin/bash'
STRIP=''
VERSION='1.0'
XMKMF=''
ac_ct_CC='gcc'
am__EXEEXT_FALSE=''
am__EXEEXT_TRUE='#'
am__fastdepCC_FALSE='#'
am__fastdepCC_TRUE=''
am__include='include'
am__isrc=''
am__leading_dot='.'
am__nodep='_no'
am__quote=''
am__tar='$${TAR-tar} chof - "$$tardir"'
am__untar='$${TAR-tar} xf -'
bindir='${exec_prefix}/bin'
build_alias=''
datadir='${datarootdir}'
datarootdir='${prefix}/share'
docdir='${datarootdir}/doc/${PACKAGE_TARNAME}'
dvidir='${docdir}'
exec_prefix='${prefix}'
host_alias=''
htmldir='${docdir}'
includedir='${prefix}/include'
infodir='${datarootdir}/info'
install_sh='${SHELL} /home/strider/Desktop/RS/utsc-robo-soccer/install-sh'
libdir='${exec_prefix}/lib'
libexecdir='${exec_prefix}/libexec'
localedir='${datarootdir}/locale'
localstatedir='${prefix}/var'
mandir='${datarootdir}/man'
mkdir_p='/bin/mkdir -p'
oldincludedir='/usr/include'
pdfdir='${docdir}'
prefix='/home/strider/Desktop/RS/utsc-robo-soccer'
program_transform_name='s,x,x,'
psdir='${docdir}'
sbindir='${exec_prefix}/sbin'
sharedstatedir='${prefix}/com'
sysconfdir='${prefix}/etc'
target_alias=''

## ----------- ##
## confdefs.h. ##
## ----------- ##

/* confdefs.h */
#define PACKAGE_NAME "Robo Soccer"
#define PACKAGE_TARNAME "robo-soccer"
#define PACKAGE_VERSION "1.0"
#define PACKAGE_STRING "Robo Soccer 1.0"
#define PACKAGE_BUGREPORT "wisalam@live.com"
#define PACKAGE_URL ""
#define PACKAGE "robo-soccer"
#define VERSION "1.0"
#define HAVE_LIBGL 1
#define HAVE_LIBGLU 1
#define HAVE_LIBSDL 1
#define HAVE_LIBGLUT 1
#define HAVE_LIBJPEG 1
#define HAVE_LIBBLUETOOTH 1
#define HAVE_LIBM 1
#define HAVE_LIBPTHREAD 1
#define STDC_HEADERS 1
#define HAVE_SYS_TYPES_H 1
#define HAVE_SYS_STAT_H 1
#define HAVE_STDLIB_H 1
#define HAVE_STRING_H 1
#define HAVE_MEMORY_H 1
#define HAVE_STRINGS_H 1
#define HAVE_INTTYPES_H 1
#define HAVE_STDINT_H 1
#define HAVE_UNISTD_H 1
#define HAVE_FCNTL_H 1
#define HAVE_INTTYPES_H 1
#define HAVE_LIMITS_H 1
#define HAVE_MALLOC_H 1
#define HAVE_STDINT_H 1
#define HAVE_STDLIB_H 1
#define HAVE_STRING_H 1
#define HAVE_SYS_FILE_H 1
#define HAVE_SYS_IOCTL_H 1
#define HAVE_SYS_PARAM_H 1
#define HAVE_SYS_SOCKET_H 1
#define HAVE_SYS_TIME_H 1
#define HAVE_UNISTD_H 1
#define HAVE_STDLIB_H 1
#define HAVE_MALLOC 1
#define HAVE_STDLIB_H 1
#define HAVE_UNISTD_H 1
#define HAVE_SYS_PARAM_H 1
#define HAVE_GETPAGESIZE 1
#define HAVE_MMAP 1
#define HAVE_STDLIB_H 1
#define HAVE_REALLOC 1
#define HAVE_FLOOR 1
#define HAVE_FTRUNCATE 1
#define HAVE_MEMSET 1
#define HAVE_POW 1
#define HAVE_SELECT 1
#define HAVE_SOCKET 1
#define HAVE_SQRT 1
#define HAVE_STRDUP 1
#define HAVE_STRERROR 1
#define HAVE_STRNCASECMP 1

configure: exit 0

## ---------------------- ##
## Running config.status. ##
## ---------------------- ##

This file was extended by Robo Soccer config.status 1.0, which was
generated by GNU Autoconf 2.69.  Invocation command line was

  CONFIG_FILES    = 
  CONFIG_HEADERS  = 
  CONFIG_LINKS    = 
  CONFIG_COMMANDS = 
  $ ./config.status 

on kestrel

config.status:893: creating Makefile
config.status:893: creating src/Makefile
config.status:893: creating Bluetooth/nxtlibc-0.1/Makefile
config.status:893: creating include/config.h
config.status:1074: include/config.h is unchanged
config.status:1122: executing depfiles commands
