This file contains any messages produced by compilers while
running configure, to aid debugging if configure makes a mistake.

It was created by Robo Soccer configure 1.0, which was
generated by GNU Autoconf 2.69.  Invocation command line was

  $ ./configure 

## --------- ##
## Platform. ##
## --------- ##

hostname = IITS-B473-36
uname -m = x86_64
uname -r = 4.4.0-98-generic
uname -s = Linux
uname -v = #121-Ubuntu SMP Tue Oct 10 14:24:03 UTC 2017

/usr/bin/uname -p = unknown
/bin/uname -X     = unknown

/bin/arch              = unknown
/usr/bin/arch -k       = unknown
/usr/convex/getsysinfo = unknown
/usr/bin/hostinfo      = unknown
/bin/machine           = unknown
/usr/bin/oslevel       = unknown
/bin/universe          = unknown

PATH: /usr/local/sbin
PATH: /usr/local/bin
PATH: /usr/sbin
PATH: /usr/bin
PATH: /sbin
PATH: /bin
PATH: /usr/games
PATH: /usr/local/games
PATH: /snap/bin
PATH: /usr/local/cms
PATH: /usr/local/cms/bin
PATH: /usr/local/bin
PATH: /usr/local/MATLAB/R2017a/bin
PATH: /usr/local/cms/altera_lite/16.0/quartus/bin
PATH: /usr/local/cms/eclipse
PATH: /usr/local/cms/android-studio/bin
PATH: /usr/lib/postgresql/9.5/bin
PATH: /usr/local/cms/altera_lite/16.0/modelsim_ase/bin
PATH: /usr/local/cms/Balsamiq_Mockups_3
PATH: /usr/local/cms/Justinmind_Prototyper_7.4.0
PATH: /usr/games


## ----------- ##
## Core tests. ##
## ----------- ##

configure:2318: checking for a BSD-compatible install
configure:2386: result: /usr/bin/install -c
configure:2397: checking whether build environment is sane
configure:2447: result: yes
configure:2588: checking for a thread-safe mkdir -p
configure:2627: result: /bin/mkdir -p
configure:2640: checking for gawk
configure:2656: found /usr/bin/gawk
configure:2667: result: gawk
configure:2678: checking whether make sets $(MAKE)
configure:2700: result: yes
configure:2835: checking for gcc
configure:2851: found /usr/bin/gcc
configure:2862: result: gcc
configure:3091: checking for C compiler version
configure:3100: gcc --version >&5
gcc (Ubuntu 5.4.0-6ubuntu1~16.04.4) 5.4.0 20160609
Copyright (C) 2015 Free Software Foundation, Inc.
This is free software; see the source for copying conditions.  There is NO
warranty; not even for MERCHANTABILITY or FITNESS FOR A PARTICULAR PURPOSE.

configure:3111: $? = 0
configure:3100: gcc -v >&5
Using built-in specs.
COLLECT_GCC=gcc
COLLECT_LTO_WRAPPER=/usr/lib/gcc/x86_64-linux-gnu/5/lto-wrapper
Target: x86_64-linux-gnu
Configured with: ../src/configure -v --with-pkgversion='Ubuntu 5.4.0-6ubuntu1~16.04.4' --with-bugurl=file:///usr/share/doc/gcc-5/README.Bugs --enable-languages=c,ada,c++,java,go,d,fortran,objc,obj-c++ --prefix=/usr --program-suffix=-5 --enable-shared --enable-linker-build-id --libexecdir=/usr/lib --without-included-gettext --enable-threads=posix --libdir=/usr/lib --enable-nls --with-sysroot=/ --enable-clocale=gnu --enable-libstdcxx-debug --enable-libstdcxx-time=yes --with-default-libstdcxx-abi=new --enable-gnu-unique-object --disable-vtable-verify --enable-libmpx --enable-plugin --with-system-zlib --disable-browser-plugin --enable-java-awt=gtk --enable-gtk-cairo --with-java-home=/usr/lib/jvm/java-1.5.0-gcj-5-amd64/jre --enable-java-home --with-jvm-root-dir=/usr/lib/jvm/java-1.5.0-gcj-5-amd64 --with-jvm-jar-dir=/usr/lib/jvm-exports/java-1.5.0-gcj-5-amd64 --with-arch-directory=amd64 --with-ecj-jar=/usr/share/java/eclipse-ecj.jar --enable-objc-gc --enable-multiarch --disable-werror --with-arch-32=i686 --with-abi=m64 --with-multilib-list=m32,m64,mx32 --enable-multilib --with-tune=generic --enable-checking=release --build=x86_64-linux-gnu --host=x86_64-linux-gnu --target=x86_64-linux-gnu
Thread model: posix
gcc version 5.4.0 20160609 (Ubuntu 5.4.0-6ubuntu1~16.04.4) 
configure:3111: $? = 0
configure:3100: gcc -V >&5
gcc: error: unrecognized command line option '-V'
gcc: fatal error: no input files
compilation terminated.
configure:3111: $? = 1
configure:3100: gcc -qversion >&5
gcc: error: unrecognized command line option '-qversion'
gcc: fatal error: no input files
compilation terminated.
configure:3111: $? = 1
configure:3131: checking whether the C compiler works
configure:3153: gcc    conftest.c  >&5
configure:3157: $? = 0
configure:3205: result: yes
configure:3208: checking for C compiler default output file name
configure:3210: result: a.out
configure:3216: checking for suffix of executables
configure:3223: gcc -o conftest    conftest.c  >&5
configure:3227: $? = 0
configure:3249: result: 
configure:3271: checking whether we are cross compiling
configure:3279: gcc -o conftest    conftest.c  >&5
configure:3283: $? = 0
configure:3290: ./conftest
configure:3294: $? = 0
configure:3309: result: no
configure:3314: checking for suffix of object files
configure:3336: gcc -c   conftest.c >&5
configure:3340: $? = 0
configure:3361: result: o
configure:3365: checking whether we are using the GNU C compiler
configure:3384: gcc -c   conftest.c >&5
configure:3384: $? = 0
configure:3393: result: yes
configure:3402: checking whether gcc accepts -g
configure:3422: gcc -c -g  conftest.c >&5
configure:3422: $? = 0
configure:3463: result: yes
configure:3480: checking for gcc option to accept ISO C89
configure:3543: gcc  -c -g -O2  conftest.c >&5
configure:3543: $? = 0
configure:3556: result: none needed
configure:3587: checking for style of include used by make
configure:3615: result: GNU
configure:3641: checking dependency style of gcc
configure:3752: result: gcc3
configure:3772: checking for gawk
configure:3799: result: gawk
configure:3811: checking whether ln -s works
configure:3815: result: yes
configure:3825: checking for glEnable in -lGL
configure:3850: gcc -o conftest -g -O2   conftest.c -lGL   >&5
configure:3850: $? = 0
configure:3859: result: yes
configure:3870: checking for gluBeginTrim in -lGLU
configure:3895: gcc -o conftest -g -O2   conftest.c -lGLU  -lGL  >&5
configure:3895: $? = 0
configure:3904: result: yes
configure:3915: checking for SDL_Init in -lSDL
configure:3940: gcc -o conftest -g -O2   conftest.c -lSDL  -lGLU -lGL  >&5
configure:3940: $? = 0
configure:3949: result: yes
configure:3960: checking for glutInit in -lglut
configure:3985: gcc -o conftest -g -O2   conftest.c -lglut  -lSDL -lGLU -lGL  >&5
configure:3985: $? = 0
configure:3994: result: yes
configure:4005: checking for jpeg_CreateCompress in -ljpeg
configure:4030: gcc -o conftest -g -O2   conftest.c -ljpeg  -lglut -lSDL -lGLU -lGL  >&5
configure:4030: $? = 0
configure:4039: result: yes
configure:4050: checking for baswap in -lbluetooth
configure:4075: gcc -o conftest -g -O2   conftest.c -lbluetooth  -ljpeg -lglut -lSDL -lGLU -lGL  >&5
configure:4075: $? = 0
configure:4084: result: yes
configure:4095: checking for sqrt in -lm
configure:4120: gcc -o conftest -g -O2   conftest.c -lm  -lbluetooth -ljpeg -lglut -lSDL -lGLU -lGL  >&5
conftest.c:24:6: warning: conflicting types for built-in function 'sqrt'
 char sqrt ();
      ^
configure:4120: $? = 0
configure:4129: result: yes
configure:4140: checking for pthread_create in -lpthread
configure:4165: gcc -o conftest -g -O2   conftest.c -lpthread  -lm -lbluetooth -ljpeg -lglut -lSDL -lGLU -lGL  >&5
configure:4165: $? = 0
configure:4174: result: yes
configure:4192: checking how to run the C preprocessor
configure:4223: gcc -E  conftest.c
configure:4223: $? = 0
configure:4237: gcc -E  conftest.c
conftest.c:19:28: fatal error: ac_nonexistent.h: No such file or directory
compilation terminated.
configure:4237: $? = 1
configure: failed program was:
| /* confdefs.h */
| #define PACKAGE_NAME "Robo Soccer"
| #define PACKAGE_TARNAME "robo-soccer"
| #define PACKAGE_VERSION "1.0"
| #define PACKAGE_STRING "Robo Soccer 1.0"
| #define PACKAGE_BUGREPORT "wisalam@live.com"
| #define PACKAGE_URL ""
| #define PACKAGE "robo-soccer"
| #define VERSION "1.0"
| #define HAVE_LIBGL 1
| #define HAVE_LIBGLU 1
| #define HAVE_LIBSDL 1
| #define HAVE_LIBGLUT 1
| #define HAVE_LIBJPEG 1
| #define HAVE_LIBBLUETOOTH 1
| #define HAVE_LIBM 1
| #define HAVE_LIBPTHREAD 1
| /* end confdefs.h.  */
| #include <ac_nonexistent.h>
configure:4262: result: gcc -E
configure:4282: gcc -E  conftest.c
configure:4282: $? = 0
configure:4296: gcc -E  conftest.c
conftest.c:19:28: fatal error: ac_nonexistent.h: No such file or directory
compilation terminated.
configure:4296: $? = 1
configure: failed program was:
| /* confdefs.h */
| #define PACKAGE_NAME "Robo Soccer"
| #define PACKAGE_TARNAME "robo-soccer"
| #define PACKAGE_VERSION "1.0"
| #define PACKAGE_STRING "Robo Soccer 1.0"
| #define PACKAGE_BUGREPORT "wisalam@live.com"
| #define PACKAGE_URL ""
| #define PACKAGE "robo-soccer"
| #define VERSION "1.0"
| #define HAVE_LIBGL 1
| #define HAVE_LIBGLU 1
| #define HAVE_LIBSDL 1
| #define HAVE_LIBGLUT 1
| #define HAVE_LIBJPEG 1
| #define HAVE_LIBBLUETOOTH 1
| #define HAVE_LIBM 1
| #define HAVE_LIBPTHREAD 1
| /* end confdefs.h.  */
| #include <ac_nonexistent.h>
configure:4325: checking for X
configure:4433: gcc -E  conftest.c
configure:4433: $? = 0
configure:4464: gcc -o conftest -g -O2   conftest.c -lX11 -lpthread -lm -lbluetooth -ljpeg -lglut -lSDL -lGLU -lGL  >&5
configure:4464: $? = 0
configure:4514: result: libraries , headers 
configure:4518: checking for grep that handles long lines and -e
configure:4576: result: /bin/grep
configure:4581: checking for egrep
configure:4643: result: /bin/grep -E
configure:4648: checking for ANSI C header files
configure:4668: gcc -c -g -O2  conftest.c >&5
configure:4668: $? = 0
configure:4741: gcc -o conftest -g -O2   conftest.c -lpthread -lm -lbluetooth -ljpeg -lglut -lSDL -lGLU -lGL  >&5
configure:4741: $? = 0
configure:4741: ./conftest
configure:4741: $? = 0
configure:4752: result: yes
configure:4765: checking for sys/types.h
configure:4765: gcc -c -g -O2  conftest.c >&5
configure:4765: $? = 0
configure:4765: result: yes
configure:4765: checking for sys/stat.h
configure:4765: gcc -c -g -O2  conftest.c >&5
configure:4765: $? = 0
configure:4765: result: yes
configure:4765: checking for stdlib.h
configure:4765: gcc -c -g -O2  conftest.c >&5
configure:4765: $? = 0
configure:4765: result: yes
configure:4765: checking for string.h
configure:4765: gcc -c -g -O2  conftest.c >&5
configure:4765: $? = 0
configure:4765: result: yes
configure:4765: checking for memory.h
configure:4765: gcc -c -g -O2  conftest.c >&5
configure:4765: $? = 0
configure:4765: result: yes
configure:4765: checking for strings.h
configure:4765: gcc -c -g -O2  conftest.c >&5
configure:4765: $? = 0
configure:4765: result: yes
configure:4765: checking for inttypes.h
configure:4765: gcc -c -g -O2  conftest.c >&5
configure:4765: $? = 0
configure:4765: result: yes
configure:4765: checking for stdint.h
configure:4765: gcc -c -g -O2  conftest.c >&5
configure:4765: $? = 0
configure:4765: result: yes
configure:4765: checking for unistd.h
configure:4765: gcc -c -g -O2  conftest.c >&5
configure:4765: $? = 0
configure:4765: result: yes
configure:4780: checking fcntl.h usability
configure:4780: gcc -c -g -O2  conftest.c >&5
configure:4780: $? = 0
configure:4780: result: yes
configure:4780: checking fcntl.h presence
configure:4780: gcc -E  conftest.c
configure:4780: $? = 0
configure:4780: result: yes
configure:4780: checking for fcntl.h
configure:4780: result: yes
configure:4780: checking for inttypes.h
configure:4780: result: yes
configure:4780: checking limits.h usability
configure:4780: gcc -c -g -O2  conftest.c >&5
configure:4780: $? = 0
configure:4780: result: yes
configure:4780: checking limits.h presence
configure:4780: gcc -E  conftest.c
configure:4780: $? = 0
configure:4780: result: yes
configure:4780: checking for limits.h
configure:4780: result: yes
configure:4780: checking malloc.h usability
configure:4780: gcc -c -g -O2  conftest.c >&5
configure:4780: $? = 0
configure:4780: result: yes
configure:4780: checking malloc.h presence
configure:4780: gcc -E  conftest.c
configure:4780: $? = 0
configure:4780: result: yes
configure:4780: checking for malloc.h
configure:4780: result: yes
configure:4780: checking for stdint.h
configure:4780: result: yes
configure:4780: checking for stdlib.h
configure:4780: result: yes
configure:4780: checking for string.h
configure:4780: result: yes
configure:4780: checking sys/file.h usability
configure:4780: gcc -c -g -O2  conftest.c >&5
configure:4780: $? = 0
configure:4780: result: yes
configure:4780: checking sys/file.h presence
configure:4780: gcc -E  conftest.c
configure:4780: $? = 0
configure:4780: result: yes
configure:4780: checking for sys/file.h
configure:4780: result: yes
configure:4780: checking sys/ioctl.h usability
configure:4780: gcc -c -g -O2  conftest.c >&5
configure:4780: $? = 0
configure:4780: result: yes
configure:4780: checking sys/ioctl.h presence
configure:4780: gcc -E  conftest.c
configure:4780: $? = 0
configure:4780: result: yes
configure:4780: checking for sys/ioctl.h
configure:4780: result: yes
configure:4780: checking sys/param.h usability
configure:4780: gcc -c -g -O2  conftest.c >&5
configure:4780: $? = 0
configure:4780: result: yes
configure:4780: checking sys/param.h presence
configure:4780: gcc -E  conftest.c
configure:4780: $? = 0
configure:4780: result: yes
configure:4780: checking for sys/param.h
configure:4780: result: yes
configure:4780: checking sys/socket.h usability
configure:4780: gcc -c -g -O2  conftest.c >&5
configure:4780: $? = 0
configure:4780: result: yes
configure:4780: checking sys/socket.h presence
configure:4780: gcc -E  conftest.c
configure:4780: $? = 0
configure:4780: result: yes
configure:4780: checking for sys/socket.h
configure:4780: result: yes
configure:4780: checking sys/time.h usability
configure:4780: gcc -c -g -O2  conftest.c >&5
configure:4780: $? = 0
configure:4780: result: yes
configure:4780: checking sys/time.h presence
configure:4780: gcc -E  conftest.c
configure:4780: $? = 0
configure:4780: result: yes
configure:4780: checking for sys/time.h
configure:4780: result: yes
configure:4780: checking for unistd.h
configure:4780: result: yes
configure:4792: checking for inline
configure:4808: gcc -c -g -O2  conftest.c >&5
configure:4808: $? = 0
configure:4816: result: inline
configure:4834: checking for off_t
configure:4834: gcc -c -g -O2  conftest.c >&5
configure:4834: $? = 0
configure:4834: gcc -c -g -O2  conftest.c >&5
conftest.c: In function 'main':
conftest.c:78:20: error: expected expression before ')' token
 if (sizeof ((off_t)))
                    ^
configure:4834: $? = 1
configure: failed program was:
| /* confdefs.h */
| #define PACKAGE_NAME "Robo Soccer"
| #define PACKAGE_TARNAME "robo-soccer"
| #define PACKAGE_VERSION "1.0"
| #define PACKAGE_STRING "Robo Soccer 1.0"
| #define PACKAGE_BUGREPORT "wisalam@live.com"
| #define PACKAGE_URL ""
| #define PACKAGE "robo-soccer"
| #define VERSION "1.0"
| #define HAVE_LIBGL 1
| #define HAVE_LIBGLU 1
| #define HAVE_LIBSDL 1
| #define HAVE_LIBGLUT 1
| #define HAVE_LIBJPEG 1
| #define HAVE_LIBBLUETOOTH 1
| #define HAVE_LIBM 1
| #define HAVE_LIBPTHREAD 1
| #define STDC_HEADERS 1
| #define HAVE_SYS_TYPES_H 1
| #define HAVE_SYS_STAT_H 1
| #define HAVE_STDLIB_H 1
| #define HAVE_STRING_H 1
| #define HAVE_MEMORY_H 1
| #define HAVE_STRINGS_H 1
| #define HAVE_INTTYPES_H 1
| #define HAVE_STDINT_H 1
| #define HAVE_UNISTD_H 1
| #define HAVE_FCNTL_H 1
| #define HAVE_INTTYPES_H 1
| #define HAVE_LIMITS_H 1
| #define HAVE_MALLOC_H 1
| #define HAVE_STDINT_H 1
| #define HAVE_STDLIB_H 1
| #define HAVE_STRING_H 1
| #define HAVE_SYS_FILE_H 1
| #define HAVE_SYS_IOCTL_H 1
| #define HAVE_SYS_PARAM_H 1
| #define HAVE_SYS_SOCKET_H 1
| #define HAVE_SYS_TIME_H 1
| #define HAVE_UNISTD_H 1
| /* end confdefs.h.  */
| #include <stdio.h>
| #ifdef HAVE_SYS_TYPES_H
| # include <sys/types.h>
| #endif
| #ifdef HAVE_SYS_STAT_H
| # include <sys/stat.h>
| #endif
| #ifdef STDC_HEADERS
| # include <stdlib.h>
| # include <stddef.h>
| #else
| # ifdef HAVE_STDLIB_H
| #  include <stdlib.h>
| # endif
| #endif
| #ifdef HAVE_STRING_H
| # if !defined STDC_HEADERS && defined HAVE_MEMORY_H
| #  include <memory.h>
| # endif
| # include <string.h>
| #endif
| #ifdef HAVE_STRINGS_H
| # include <strings.h>
| #endif
| #ifdef HAVE_INTTYPES_H
| # include <inttypes.h>
| #endif
| #ifdef HAVE_STDINT_H
| # include <stdint.h>
| #endif
| #ifdef HAVE_UNISTD_H
| # include <unistd.h>
| #endif
| int
| main ()
| {
| if (sizeof ((off_t)))
| 	    return 0;
|   ;
|   return 0;
| }
configure:4834: result: yes
configure:4845: checking for size_t
configure:4845: gcc -c -g -O2  conftest.c >&5
configure:4845: $? = 0
configure:4845: gcc -c -g -O2  conftest.c >&5
conftest.c: In function 'main':
conftest.c:78:21: error: expected expression before ')' token
 if (sizeof ((size_t)))
                     ^
configure:4845: $? = 1
configure: failed program was:
| /* confdefs.h */
| #define PACKAGE_NAME "Robo Soccer"
| #define PACKAGE_TARNAME "robo-soccer"
| #define PACKAGE_VERSION "1.0"
| #define PACKAGE_STRING "Robo Soccer 1.0"
| #define PACKAGE_BUGREPORT "wisalam@live.com"
| #define PACKAGE_URL ""
| #define PACKAGE "robo-soccer"
| #define VERSION "1.0"
| #define HAVE_LIBGL 1
| #define HAVE_LIBGLU 1
| #define HAVE_LIBSDL 1
| #define HAVE_LIBGLUT 1
| #define HAVE_LIBJPEG 1
| #define HAVE_LIBBLUETOOTH 1
| #define HAVE_LIBM 1
| #define HAVE_LIBPTHREAD 1
| #define STDC_HEADERS 1
| #define HAVE_SYS_TYPES_H 1
| #define HAVE_SYS_STAT_H 1
| #define HAVE_STDLIB_H 1
| #define HAVE_STRING_H 1
| #define HAVE_MEMORY_H 1
| #define HAVE_STRINGS_H 1
| #define HAVE_INTTYPES_H 1
| #define HAVE_STDINT_H 1
| #define HAVE_UNISTD_H 1
| #define HAVE_FCNTL_H 1
| #define HAVE_INTTYPES_H 1
| #define HAVE_LIMITS_H 1
| #define HAVE_MALLOC_H 1
| #define HAVE_STDINT_H 1
| #define HAVE_STDLIB_H 1
| #define HAVE_STRING_H 1
| #define HAVE_SYS_FILE_H 1
| #define HAVE_SYS_IOCTL_H 1
| #define HAVE_SYS_PARAM_H 1
| #define HAVE_SYS_SOCKET_H 1
| #define HAVE_SYS_TIME_H 1
| #define HAVE_UNISTD_H 1
| /* end confdefs.h.  */
| #include <stdio.h>
| #ifdef HAVE_SYS_TYPES_H
| # include <sys/types.h>
| #endif
| #ifdef HAVE_SYS_STAT_H
| # include <sys/stat.h>
| #endif
| #ifdef STDC_HEADERS
| # include <stdlib.h>
| # include <stddef.h>
| #else
| # ifdef HAVE_STDLIB_H
| #  include <stdlib.h>
| # endif
| #endif
| #ifdef HAVE_STRING_H
| # if !defined STDC_HEADERS && defined HAVE_MEMORY_H
| #  include <memory.h>
| # endif
| # include <string.h>
| #endif
| #ifdef HAVE_STRINGS_H
| # include <strings.h>
| #endif
| #ifdef HAVE_INTTYPES_H
| # include <inttypes.h>
| #endif
| #ifdef HAVE_STDINT_H
| # include <stdint.h>
| #endif
| #ifdef HAVE_UNISTD_H
| # include <unistd.h>
| #endif
| int
| main ()
| {
| if (sizeof ((size_t)))
| 	    return 0;
|   ;
|   return 0;
| }
configure:4845: result: yes
configure:4856: checking for ssize_t
configure:4856: gcc -c -g -O2  conftest.c >&5
configure:4856: $? = 0
configure:4856: gcc -c -g -O2  conftest.c >&5
conftest.c: In function 'main':
conftest.c:78:22: error: expected expression before ')' token
 if (sizeof ((ssize_t)))
                      ^
configure:4856: $? = 1
configure: failed program was:
| /* confdefs.h */
| #define PACKAGE_NAME "Robo Soccer"
| #define PACKAGE_TARNAME "robo-soccer"
| #define PACKAGE_VERSION "1.0"
| #define PACKAGE_STRING "Robo Soccer 1.0"
| #define PACKAGE_BUGREPORT "wisalam@live.com"
| #define PACKAGE_URL ""
| #define PACKAGE "robo-soccer"
| #define VERSION "1.0"
| #define HAVE_LIBGL 1
| #define HAVE_LIBGLU 1
| #define HAVE_LIBSDL 1
| #define HAVE_LIBGLUT 1
| #define HAVE_LIBJPEG 1
| #define HAVE_LIBBLUETOOTH 1
| #define HAVE_LIBM 1
| #define HAVE_LIBPTHREAD 1
| #define STDC_HEADERS 1
| #define HAVE_SYS_TYPES_H 1
| #define HAVE_SYS_STAT_H 1
| #define HAVE_STDLIB_H 1
| #define HAVE_STRING_H 1
| #define HAVE_MEMORY_H 1
| #define HAVE_STRINGS_H 1
| #define HAVE_INTTYPES_H 1
| #define HAVE_STDINT_H 1
| #define HAVE_UNISTD_H 1
| #define HAVE_FCNTL_H 1
| #define HAVE_INTTYPES_H 1
| #define HAVE_LIMITS_H 1
| #define HAVE_MALLOC_H 1
| #define HAVE_STDINT_H 1
| #define HAVE_STDLIB_H 1
| #define HAVE_STRING_H 1
| #define HAVE_SYS_FILE_H 1
| #define HAVE_SYS_IOCTL_H 1
| #define HAVE_SYS_PARAM_H 1
| #define HAVE_SYS_SOCKET_H 1
| #define HAVE_SYS_TIME_H 1
| #define HAVE_UNISTD_H 1
| /* end confdefs.h.  */
| #include <stdio.h>
| #ifdef HAVE_SYS_TYPES_H
| # include <sys/types.h>
| #endif
| #ifdef HAVE_SYS_STAT_H
| # include <sys/stat.h>
| #endif
| #ifdef STDC_HEADERS
| # include <stdlib.h>
| # include <stddef.h>
| #else
| # ifdef HAVE_STDLIB_H
| #  include <stdlib.h>
| # endif
| #endif
| #ifdef HAVE_STRING_H
| # if !defined STDC_HEADERS && defined HAVE_MEMORY_H
| #  include <memory.h>
| # endif
| # include <string.h>
| #endif
| #ifdef HAVE_STRINGS_H
| # include <strings.h>
| #endif
| #ifdef HAVE_INTTYPES_H
| # include <inttypes.h>
| #endif
| #ifdef HAVE_STDINT_H
| # include <stdint.h>
| #endif
| #ifdef HAVE_UNISTD_H
| # include <unistd.h>
| #endif
| int
| main ()
| {
| if (sizeof ((ssize_t)))
| 	    return 0;
|   ;
|   return 0;
| }
configure:4856: result: yes
configure:4867: checking for uint16_t
configure:4867: gcc -c -g -O2  conftest.c >&5
configure:4867: $? = 0
configure:4867: result: yes
configure:4879: checking for uint32_t
configure:4879: gcc -c -g -O2  conftest.c >&5
configure:4879: $? = 0
configure:4879: result: yes
configure:4893: checking for uint64_t
configure:4893: gcc -c -g -O2  conftest.c >&5
configure:4893: $? = 0
configure:4893: result: yes
configure:4907: checking for uint8_t
configure:4907: gcc -c -g -O2  conftest.c >&5
configure:4907: $? = 0
configure:4907: result: yes
configure:4925: checking for stdlib.h
configure:4925: result: yes
configure:4935: checking for GNU libc compatible malloc
configure:4959: gcc -o conftest -g -O2   conftest.c -lpthread -lm -lbluetooth -ljpeg -lglut -lSDL -lGLU -lGL  >&5
configure:4959: $? = 0
configure:4959: ./conftest
configure:4959: $? = 0
configure:4969: result: yes
configure:4996: checking for stdlib.h
configure:4996: result: yes
configure:4996: checking for unistd.h
configure:4996: result: yes
configure:4996: checking for sys/param.h
configure:4996: result: yes
configure:5016: checking for getpagesize
configure:5016: gcc -o conftest -g -O2   conftest.c -lpthread -lm -lbluetooth -ljpeg -lglut -lSDL -lGLU -lGL  >&5
configure:5016: $? = 0
configure:5016: result: yes
configure:5025: checking for working mmap
configure:5172: gcc -o conftest -g -O2   conftest.c -lpthread -lm -lbluetooth -ljpeg -lglut -lSDL -lGLU -lGL  >&5
configure:5172: $? = 0
configure:5172: ./conftest
configure:5172: $? = 0
configure:5182: result: yes
configure:5193: checking for stdlib.h
configure:5193: result: yes
configure:5203: checking for GNU libc compatible realloc
configure:5227: gcc -o conftest -g -O2   conftest.c -lpthread -lm -lbluetooth -ljpeg -lglut -lSDL -lGLU -lGL  >&5
configure:5227: $? = 0
configure:5227: ./conftest
configure:5227: $? = 0
configure:5237: result: yes
configure:5261: checking for floor
configure:5261: gcc -o conftest -g -O2   conftest.c -lpthread -lm -lbluetooth -ljpeg -lglut -lSDL -lGLU -lGL  >&5
conftest.c:74:6: warning: conflicting types for built-in function 'floor'
 char floor ();
      ^
configure:5261: $? = 0
configure:5261: result: yes
configure:5261: checking for ftruncate
configure:5261: gcc -o conftest -g -O2   conftest.c -lpthread -lm -lbluetooth -ljpeg -lglut -lSDL -lGLU -lGL  >&5
configure:5261: $? = 0
configure:5261: result: yes
configure:5261: checking for memset
configure:5261: gcc -o conftest -g -O2   conftest.c -lpthread -lm -lbluetooth -ljpeg -lglut -lSDL -lGLU -lGL  >&5
conftest.c:76:6: warning: conflicting types for built-in function 'memset'
 char memset ();
      ^
configure:5261: $? = 0
configure:5261: result: yes
configure:5261: checking for pow
configure:5261: gcc -o conftest -g -O2   conftest.c -lpthread -lm -lbluetooth -ljpeg -lglut -lSDL -lGLU -lGL  >&5
conftest.c:77:6: warning: conflicting types for built-in function 'pow'
 char pow ();
      ^
configure:5261: $? = 0
configure:5261: result: yes
configure:5261: checking for select
configure:5261: gcc -o conftest -g -O2   conftest.c -lpthread -lm -lbluetooth -ljpeg -lglut -lSDL -lGLU -lGL  >&5
configure:5261: $? = 0
configure:5261: result: yes
configure:5261: checking for socket
configure:5261: gcc -o conftest -g -O2   conftest.c -lpthread -lm -lbluetooth -ljpeg -lglut -lSDL -lGLU -lGL  >&5
configure:5261: $? = 0
configure:5261: result: yes
configure:5261: checking for sqrt
configure:5261: gcc -o conftest -g -O2   conftest.c -lpthread -lm -lbluetooth -ljpeg -lglut -lSDL -lGLU -lGL  >&5
conftest.c:80:6: warning: conflicting types for built-in function 'sqrt'
 char sqrt ();
      ^
configure:5261: $? = 0
configure:5261: result: yes
configure:5261: checking for strdup
configure:5261: gcc -o conftest -g -O2   conftest.c -lpthread -lm -lbluetooth -ljpeg -lglut -lSDL -lGLU -lGL  >&5
conftest.c:81:6: warning: conflicting types for built-in function 'strdup'
 char strdup ();
      ^
configure:5261: $? = 0
configure:5261: result: yes
configure:5261: checking for strerror
configure:5261: gcc -o conftest -g -O2   conftest.c -lpthread -lm -lbluetooth -ljpeg -lglut -lSDL -lGLU -lGL  >&5
configure:5261: $? = 0
configure:5261: result: yes
configure:5261: checking for strncasecmp
configure:5261: gcc -o conftest -g -O2   conftest.c -lpthread -lm -lbluetooth -ljpeg -lglut -lSDL -lGLU -lGL  >&5
conftest.c:83:6: warning: conflicting types for built-in function 'strncasecmp'
 char strncasecmp ();
      ^
configure:5261: $? = 0
configure:5261: result: yes
configure:5314: checking for ranlib
configure:5330: found /usr/bin/ranlib
configure:5341: result: ranlib
configure:5496: creating ./config.status

## ---------------------- ##
## Running config.status. ##
## ---------------------- ##

This file was extended by Robo Soccer config.status 1.0, which was
generated by GNU Autoconf 2.69.  Invocation command line was

  CONFIG_FILES    = 
  CONFIG_HEADERS  = 
  CONFIG_LINKS    = 
  CONFIG_COMMANDS = 
  $ ./config.status 

on IITS-B473-36

config.status:894: creating Makefile
config.status:894: creating src/Makefile
config.status:894: creating Bluetooth/nxtlibc-0.1/Makefile
config.status:894: creating include/config.h
config.status:1075: include/config.h is unchanged
config.status:1123: executing depfiles commands

## ---------------- ##
## Cache variables. ##
## ---------------- ##

ac_cv_c_compiler_gnu=yes
ac_cv_c_inline=inline
ac_cv_c_uint16_t=yes
ac_cv_c_uint32_t=yes
ac_cv_c_uint64_t=yes
ac_cv_c_uint8_t=yes
ac_cv_env_CC_set=
ac_cv_env_CC_value=
ac_cv_env_CFLAGS_set=
ac_cv_env_CFLAGS_value=
ac_cv_env_CPPFLAGS_set=
ac_cv_env_CPPFLAGS_value=
ac_cv_env_CPP_set=
ac_cv_env_CPP_value=
ac_cv_env_LDFLAGS_set=
ac_cv_env_LDFLAGS_value=
ac_cv_env_LIBS_set=
ac_cv_env_LIBS_value=
ac_cv_env_XMKMF_set=
ac_cv_env_XMKMF_value=
ac_cv_env_build_alias_set=
ac_cv_env_build_alias_value=
ac_cv_env_host_alias_set=
ac_cv_env_host_alias_value=
ac_cv_env_target_alias_set=
ac_cv_env_target_alias_value=
ac_cv_func_floor=yes
ac_cv_func_ftruncate=yes
ac_cv_func_getpagesize=yes
ac_cv_func_malloc_0_nonnull=yes
ac_cv_func_memset=yes
ac_cv_func_mmap_fixed_mapped=yes
ac_cv_func_pow=yes
ac_cv_func_realloc_0_nonnull=yes
ac_cv_func_select=yes
ac_cv_func_socket=yes
ac_cv_func_sqrt=yes
ac_cv_func_strdup=yes
ac_cv_func_strerror=yes
ac_cv_func_strncasecmp=yes
ac_cv_have_x='have_x=yes	ac_x_includes='\'''\''	ac_x_libraries='\'''\'''
ac_cv_header_fcntl_h=yes
ac_cv_header_inttypes_h=yes
ac_cv_header_limits_h=yes
ac_cv_header_malloc_h=yes
ac_cv_header_memory_h=yes
ac_cv_header_stdc=yes
ac_cv_header_stdint_h=yes
ac_cv_header_stdlib_h=yes
ac_cv_header_string_h=yes
ac_cv_header_strings_h=yes
ac_cv_header_sys_file_h=yes
ac_cv_header_sys_ioctl_h=yes
ac_cv_header_sys_param_h=yes
ac_cv_header_sys_socket_h=yes
ac_cv_header_sys_stat_h=yes
ac_cv_header_sys_time_h=yes
ac_cv_header_sys_types_h=yes
ac_cv_header_unistd_h=yes
ac_cv_lib_GLU_gluBeginTrim=yes
ac_cv_lib_GL_glEnable=yes
ac_cv_lib_SDL_SDL_Init=yes
ac_cv_lib_bluetooth_baswap=yes
ac_cv_lib_glut_glutInit=yes
ac_cv_lib_jpeg_jpeg_CreateCompress=yes
ac_cv_lib_m_sqrt=yes
ac_cv_lib_pthread_pthread_create=yes
ac_cv_objext=o
ac_cv_path_EGREP='/bin/grep -E'
ac_cv_path_GREP=/bin/grep
ac_cv_path_install='/usr/bin/install -c'
ac_cv_path_mkdir=/bin/mkdir
ac_cv_prog_AWK=gawk
ac_cv_prog_CPP='gcc -E'
ac_cv_prog_ac_ct_CC=gcc
ac_cv_prog_ac_ct_RANLIB=ranlib
ac_cv_prog_cc_c89=
ac_cv_prog_cc_g=yes
ac_cv_prog_make_make_set=yes
ac_cv_type_off_t=yes
ac_cv_type_size_t=yes
ac_cv_type_ssize_t=yes
am_cv_CC_dependencies_compiler_type=gcc3

## ----------------- ##
## Output variables. ##
## ----------------- ##

ACLOCAL='${SHELL} "/cmshome/watchor3/cscc85f17_space/Phase1---Little-Lost-Robot/Phase 3/utsc-robo-soccer/missing" --run aclocal-1.11'
AMDEPBACKSLASH='\'
AMDEP_FALSE='#'
AMDEP_TRUE=''
AMTAR='$${TAR-tar}'
AUTOCONF='${SHELL} "/cmshome/watchor3/cscc85f17_space/Phase1---Little-Lost-Robot/Phase 3/utsc-robo-soccer/missing" --run autoconf'
AUTOHEADER='${SHELL} "/cmshome/watchor3/cscc85f17_space/Phase1---Little-Lost-Robot/Phase 3/utsc-robo-soccer/missing" --run autoheader'
AUTOMAKE='${SHELL} "/cmshome/watchor3/cscc85f17_space/Phase1---Little-Lost-Robot/Phase 3/utsc-robo-soccer/missing" --run automake-1.11'
AWK='gawk'
CC='gcc'
CCDEPMODE='depmode=gcc3'
CFLAGS='-g -O2'
CPP='gcc -E'
CPPFLAGS=''
CYGPATH_W='echo'
DEFS='-DHAVE_CONFIG_H'
DEPDIR='.deps'
ECHO_C=''
ECHO_N='-n'
ECHO_T=''
EGREP='/bin/grep -E'
EXEEXT=''
GREP='/bin/grep'
INSTALL_DATA='${INSTALL} -m 644'
INSTALL_PROGRAM='${INSTALL}'
INSTALL_SCRIPT='${INSTALL}'
INSTALL_STRIP_PROGRAM='$(install_sh) -c -s'
LDFLAGS=''
LIBOBJS=''
LIBS='-lpthread -lm -lbluetooth -ljpeg -lglut -lSDL -lGLU -lGL '
LN_S='ln -s'
LTLIBOBJS=''
MAKEINFO='${SHELL} "/cmshome/watchor3/cscc85f17_space/Phase1---Little-Lost-Robot/Phase 3/utsc-robo-soccer/missing" --run makeinfo'
MKDIR_P='/bin/mkdir -p'
OBJEXT='o'
PACKAGE='robo-soccer'
PACKAGE_BUGREPORT='wisalam@live.com'
PACKAGE_NAME='Robo Soccer'
PACKAGE_STRING='Robo Soccer 1.0'
PACKAGE_TARNAME='robo-soccer'
PACKAGE_URL=''
PACKAGE_VERSION='1.0'
PATH_SEPARATOR=':'
RANLIB='ranlib'
SET_MAKE=''
SHELL='/bin/bash'
STRIP=''
VERSION='1.0'
XMKMF=''
ac_ct_CC='gcc'
am__EXEEXT_FALSE=''
am__EXEEXT_TRUE='#'
am__fastdepCC_FALSE='#'
am__fastdepCC_TRUE=''
am__include='include'
am__isrc=''
am__leading_dot='.'
am__nodep='_no'
am__quote=''
am__tar='$${TAR-tar} chof - "$$tardir"'
am__untar='$${TAR-tar} xf -'
bindir='${exec_prefix}/bin'
build_alias=''
datadir='${datarootdir}'
datarootdir='${prefix}/share'
docdir='${datarootdir}/doc/${PACKAGE_TARNAME}'
dvidir='${docdir}'
exec_prefix='${prefix}'
host_alias=''
htmldir='${docdir}'
includedir='${prefix}/include'
infodir='${datarootdir}/info'
install_sh='${SHELL} '\''/cmshome/watchor3/cscc85f17_space/Phase1---Little-Lost-Robot/Phase 3/utsc-robo-soccer/install-sh'\'''
libdir='${exec_prefix}/lib'
libexecdir='${exec_prefix}/libexec'
localedir='${datarootdir}/locale'
localstatedir='${prefix}/var'
mandir='${datarootdir}/man'
mkdir_p='/bin/mkdir -p'
oldincludedir='/usr/include'
pdfdir='${docdir}'
prefix='/cmshome/watchor3/cscc85f17_space/Phase1---Little-Lost-Robot/Phase 3/utsc-robo-soccer'
program_transform_name='s,x,x,'
psdir='${docdir}'
runstatedir='${localstatedir}/run'
sbindir='${exec_prefix}/sbin'
sharedstatedir='${prefix}/com'
sysconfdir='${prefix}/etc'
target_alias=''

## ----------- ##
## confdefs.h. ##
## ----------- ##

/* confdefs.h */
#define PACKAGE_NAME "Robo Soccer"
#define PACKAGE_TARNAME "robo-soccer"
#define PACKAGE_VERSION "1.0"
#define PACKAGE_STRING "Robo Soccer 1.0"
#define PACKAGE_BUGREPORT "wisalam@live.com"
#define PACKAGE_URL ""
#define PACKAGE "robo-soccer"
#define VERSION "1.0"
#define HAVE_LIBGL 1
#define HAVE_LIBGLU 1
#define HAVE_LIBSDL 1
#define HAVE_LIBGLUT 1
#define HAVE_LIBJPEG 1
#define HAVE_LIBBLUETOOTH 1
#define HAVE_LIBM 1
#define HAVE_LIBPTHREAD 1
#define STDC_HEADERS 1
#define HAVE_SYS_TYPES_H 1
#define HAVE_SYS_STAT_H 1
#define HAVE_STDLIB_H 1
#define HAVE_STRING_H 1
#define HAVE_MEMORY_H 1
#define HAVE_STRINGS_H 1
#define HAVE_INTTYPES_H 1
#define HAVE_STDINT_H 1
#define HAVE_UNISTD_H 1
#define HAVE_FCNTL_H 1
#define HAVE_INTTYPES_H 1
#define HAVE_LIMITS_H 1
#define HAVE_MALLOC_H 1
#define HAVE_STDINT_H 1
#define HAVE_STDLIB_H 1
#define HAVE_STRING_H 1
#define HAVE_SYS_FILE_H 1
#define HAVE_SYS_IOCTL_H 1
#define HAVE_SYS_PARAM_H 1
#define HAVE_SYS_SOCKET_H 1
#define HAVE_SYS_TIME_H 1
#define HAVE_UNISTD_H 1
#define HAVE_STDLIB_H 1
#define HAVE_MALLOC 1
#define HAVE_STDLIB_H 1
#define HAVE_UNISTD_H 1
#define HAVE_SYS_PARAM_H 1
#define HAVE_GETPAGESIZE 1
#define HAVE_MMAP 1
#define HAVE_STDLIB_H 1
#define HAVE_REALLOC 1
#define HAVE_FLOOR 1
#define HAVE_FTRUNCATE 1
#define HAVE_MEMSET 1
#define HAVE_POW 1
#define HAVE_SELECT 1
#define HAVE_SOCKET 1
#define HAVE_SQRT 1
#define HAVE_STRDUP 1
#define HAVE_STRERROR 1
#define HAVE_STRNCASECMP 1

configure: exit 0
